<?xml version="1.0" encoding="UTF-8"?>
<!-- Generated by org.testng.reporters.JUnitXMLReporter -->
<testsuite ignored="0" hostname="DESKTOP-FUOBAD1" failures="3" tests="6" name="Test" time="92.909" errors="0" timestamp="2021-08-26T11:01:52 IST">
  <testcase classname="com.vtiger.takebizglobal.packagefordistributedExec.ClassForDitributedParallelExec" name="CreateProd" time="0.013"/>
  <testcase classname="com.vtiger.takebizglobal.packagefordistributedExec.ClassForDitributedParallelExec" name="CreateProdWithCommRate" time="0.002"/>
  <testcase classname="com.vtiger.takebizglobal.packagefordistributedExec.ClassForDitributedParallelExec" name="CreateProdWithPartNum" time="0.002"/>
  <testcase classname="com.vtiger.takebizglobal.productTestcases.SearchProductTest" name="SearchProductByCommissionRate" time="17.562">
    <failure type="java.lang.AssertionError" message="expected [true] but found [false]">
      <![CDATA[java.lang.AssertionError: expected [true] but found [false]
at com.vtiger.takebizglobal.pomrepositorylib.ProductsPage.searchProduct(ProductsPage.java:163)
at com.vtiger.takebizglobal.productTestcases.SearchProductTest.SearchProductByCommissionRate(SearchProductTest.java:94)
at java.base/java.util.ArrayList.forEach(ArrayList.java:1511)
... Removed 33 stack frames]]>
    </failure>
  </testcase> <!-- SearchProductByCommissionRate -->
  <testcase classname="com.vtiger.takebizglobal.productTestcases.SearchProductTest" name="SearchProductByPartNumber" time="35.82">
    <failure type="org.openqa.selenium.NoSuchElementException" message="no such element: Unable to locate element: {&amp;quot;method&amp;quot;:&amp;quot;xpath&amp;quot;,&amp;quot;selector&amp;quot;:&amp;quot;//table[@class=&amp;apos;lvt small&amp;apos;]/tbody/tr[last()]/td[contains(text(),&amp;apos;Part&amp;apos;)]&amp;quot;}
  (Session info: chrome=92.0.4515.159)
For documentation on this error, please visit: https://www.seleniumhq.org/exceptions/no_such_element.html
Build info: version: &amp;apos;3.141.59&amp;apos;, revision: &amp;apos;e82be7d358&amp;apos;, time: &amp;apos;2018-11-14T08:17:03&amp;apos;
System info: host: &amp;apos;DESKTOP-FUOBAD1&amp;apos;, ip: &amp;apos;192.168.111.1&amp;apos;, os.name: &amp;apos;Windows 10&amp;apos;, os.arch: &amp;apos;amd64&amp;apos;, os.version: &amp;apos;10.0&amp;apos;, java.version: &amp;apos;15.0.2&amp;apos;
Driver info: org.openqa.selenium.chrome.ChromeDriver
Capabilities {acceptInsecureCerts: false, browserName: chrome, browserVersion: 92.0.4515.159, chrome: {chromedriverVersion: 92.0.4515.107 (87a818b10553..., userDataDir: C:\Users\Chetan\AppData\Loc...}, goog:chromeOptions: {debuggerAddress: localhost:64578}, javascriptEnabled: true, networkConnectionEnabled: false, pageLoadStrategy: normal, platform: WINDOWS, platformName: WINDOWS, proxy: Proxy(), setWindowRect: true, strictFileInteractability: false, timeouts: {implicit: 0, pageLoad: 300000, script: 30000}, unhandledPromptBehavior: dismiss and notify, webauthn:extension:credBlob: true, webauthn:extension:largeBlob: true, webauthn:virtualAuthenticators: true}
Session ID: fa855fc68beb174efeafebfdca3bcbb0
*** Element info: {Using=xpath, value=//table[@class=&amp;apos;lvt small&amp;apos;]/tbody/tr[last()]/td[contains(text(),&amp;apos;Part&amp;apos;)]}">
      <![CDATA[org.openqa.selenium.NoSuchElementException: no such element: Unable to locate element: {"method":"xpath","selector":"//table[@class='lvt small']/tbody/tr[last()]/td[contains(text(),'Part')]"}
  (Session info: chrome=92.0.4515.159)
For documentation on this error, please visit: https://www.seleniumhq.org/exceptions/no_such_element.html
Build info: version: '3.141.59', revision: 'e82be7d358', time: '2018-11-14T08:17:03'
System info: host: 'DESKTOP-FUOBAD1', ip: '192.168.111.1', os.name: 'Windows 10', os.arch: 'amd64', os.version: '10.0', java.version: '15.0.2'
Driver info: org.openqa.selenium.chrome.ChromeDriver
Capabilities {acceptInsecureCerts: false, browserName: chrome, browserVersion: 92.0.4515.159, chrome: {chromedriverVersion: 92.0.4515.107 (87a818b10553..., userDataDir: C:\Users\Chetan\AppData\Loc...}, goog:chromeOptions: {debuggerAddress: localhost:64578}, javascriptEnabled: true, networkConnectionEnabled: false, pageLoadStrategy: normal, platform: WINDOWS, platformName: WINDOWS, proxy: Proxy(), setWindowRect: true, strictFileInteractability: false, timeouts: {implicit: 0, pageLoad: 300000, script: 30000}, unhandledPromptBehavior: dismiss and notify, webauthn:extension:credBlob: true, webauthn:extension:largeBlob: true, webauthn:virtualAuthenticators: true}
Session ID: fa855fc68beb174efeafebfdca3bcbb0
*** Element info: {Using=xpath, value=//table[@class='lvt small']/tbody/tr[last()]/td[contains(text(),'Part')]}
at org.openqa.selenium.remote.http.W3CHttpResponseCodec.createException(W3CHttpResponseCodec.java:187)
at org.openqa.selenium.remote.http.W3CHttpResponseCodec.decode(W3CHttpResponseCodec.java:122)
at org.openqa.selenium.remote.http.W3CHttpResponseCodec.decode(W3CHttpResponseCodec.java:49)
at org.openqa.selenium.remote.HttpCommandExecutor.execute(HttpCommandExecutor.java:158)
at org.openqa.selenium.remote.service.DriverCommandExecutor.execute(DriverCommandExecutor.java:83)
at org.openqa.selenium.remote.RemoteWebDriver.execute(RemoteWebDriver.java:552)
at org.openqa.selenium.remote.RemoteWebDriver.findElement(RemoteWebDriver.java:323)
at org.openqa.selenium.remote.RemoteWebDriver.findElementByXPath(RemoteWebDriver.java:428)
at org.openqa.selenium.By$ByXPath.findElement(By.java:353)
at org.openqa.selenium.remote.RemoteWebDriver.findElement(RemoteWebDriver.java:315)
at org.openqa.selenium.support.pagefactory.DefaultElementLocator.findElement(DefaultElementLocator.java:69)
at org.openqa.selenium.support.pagefactory.internal.LocatingElementHandler.invoke(LocatingElementHandler.java:38)
at com.sun.proxy.$Proxy14.getText(Unknown Source)
at com.vtiger.takebizglobal.pomrepositorylib.ProductsPage.searchProduct(ProductsPage.java:123)
at com.vtiger.takebizglobal.productTestcases.SearchProductTest.SearchProductByPartNumber(SearchProductTest.java:68)
at java.base/java.util.ArrayList.forEach(ArrayList.java:1511)
... Removed 32 stack frames]]>
    </failure>
  </testcase> <!-- SearchProductByPartNumber -->
  <testcase classname="com.vtiger.takebizglobal.productTestcases.SearchProductTest" name="SearchProductByProductNumber" time="16.779">
    <failure type="java.lang.AssertionError" message="expected [true] but found [false]">
      <![CDATA[java.lang.AssertionError: expected [true] but found [false]
at com.vtiger.takebizglobal.pomrepositorylib.ProductsPage.searchProduct(ProductsPage.java:110)
at com.vtiger.takebizglobal.productTestcases.SearchProductTest.SearchProductByProductNumber(SearchProductTest.java:38)
at java.base/java.util.ArrayList.forEach(ArrayList.java:1511)
... Removed 31 stack frames]]>
    </failure>
  </testcase> <!-- SearchProductByProductNumber -->
</testsuite> <!-- Test -->
