<!DOCTYPE html PUBLIC "-//W3C//DTD XHTML 1.1//EN" "https://www.w3.org/TR/xhtml11/DTD/xhtml11.dtd">
<html xmlns="https://www.w3.org/1999/xhtml">
<head>
<meta http-equiv="content-type" content="text/html; charset=UTF-8"/>
<title>TestNG Report</title>
<style type="text/css">table {margin-bottom:10px;border-collapse:collapse;empty-cells:show}th,td {border:1px solid #009;padding:.25em .5em}th {vertical-align:bottom}td {vertical-align:top}table a {font-weight:bold}.stripe td {background-color: #E6EBF9}.num {text-align:right}.passedodd td {background-color: #3F3}.passedeven td {background-color: #0A0}.skippedodd td {background-color: #DDD}.skippedeven td {background-color: #CCC}.failedodd td,.attn {background-color: #F33}.failedeven td,.stripe .attn {background-color: #D00}.stacktrace {white-space:pre;font-family:monospace}.totop {font-size:85%;text-align:center;border-bottom:2px solid #000}.invisible {display:none}</style>
</head>
<body>
<table>
<tr><th>Test</th><th># Passed</th><th># Skipped</th><th># Retried</th><th># Failed</th><th>Time (ms)</th><th>Included Groups</th><th>Excluded Groups</th></tr>
<tr><th colspan="8">Suite</th></tr>
<tr><td><a href="#t0">Test</a></td><td class="num">3</td><td class="num">0</td><td class="num">0</td><td class="num attn">3</td><td class="num">92,909</td><td></td><td></td></tr>
</table>
<table id='summary'><thead><tr><th>Class</th><th>Method</th><th>Start</th><th>Time (ms)</th></tr></thead><tbody><tr><th colspan="4">Suite</th></tr></tbody><tbody id="t0"><tr><th colspan="4">Test &#8212; failed</th></tr><tr class="failedeven"><td rowspan="3">com.vtiger.takebizglobal.productTestcases.SearchProductTest</td><td><a href="#m0">SearchProductByCommissionRate</a></td><td rowspan="1">1629955829606</td><td rowspan="1">17562</td></tr><tr class="failedeven"><td><a href="#m1">SearchProductByPartNumber</a></td><td rowspan="1">1629955852429</td><td rowspan="1">35820</td></tr><tr class="failedeven"><td><a href="#m2">SearchProductByProductNumber</a></td><td rowspan="1">1629955893370</td><td rowspan="1">16779</td></tr><tr><th colspan="4">Test &#8212; passed</th></tr><tr class="passedeven"><td rowspan="3">com.vtiger.takebizglobal.packagefordistributedExec.ClassForDitributedParallelExec</td><td><a href="#m3">CreateProd</a></td><td rowspan="1">1629955819860</td><td rowspan="1">13</td></tr><tr class="passedeven"><td><a href="#m4">CreateProdWithCommRate</a></td><td rowspan="1">1629955819879</td><td rowspan="1">2</td></tr><tr class="passedeven"><td><a href="#m5">CreateProdWithPartNum</a></td><td rowspan="1">1629955819883</td><td rowspan="1">2</td></tr></tbody>
</table>
<h2>Test</h2><h3 id="m0">com.vtiger.takebizglobal.productTestcases.SearchProductTest#SearchProductByCommissionRate</h3><table class="result"><tr><th>Exception</th></tr><tr><td><div class="stacktrace">java.lang.AssertionError: expected [true] but found [false]
	at com.vtiger.takebizglobal.pomrepositorylib.ProductsPage.searchProduct(ProductsPage.java:163)
	at com.vtiger.takebizglobal.productTestcases.SearchProductTest.SearchProductByCommissionRate(SearchProductTest.java:94)
	at java.base/java.util.ArrayList.forEach(ArrayList.java:1511)
... Removed 33 stack frames</div></td></tr></table><p class="totop"><a href="#summary">back to summary</a></p>
<h3 id="m1">com.vtiger.takebizglobal.productTestcases.SearchProductTest#SearchProductByPartNumber</h3><table class="result"><tr><th>Exception</th></tr><tr><td><div class="stacktrace">org.openqa.selenium.NoSuchElementException: no such element: Unable to locate element: {&quot;method&quot;:&quot;xpath&quot;,&quot;selector&quot;:&quot;//table[@class=&apos;lvt small&apos;]/tbody/tr[last()]/td[contains(text(),&apos;Part&apos;)]&quot;}
  (Session info: chrome=92.0.4515.159)
For documentation on this error, please visit: https://www.seleniumhq.org/exceptions/no_such_element.html
Build info: version: &apos;3.141.59&apos;, revision: &apos;e82be7d358&apos;, time: &apos;2018-11-14T08:17:03&apos;
System info: host: &apos;DESKTOP-FUOBAD1&apos;, ip: &apos;192.168.111.1&apos;, os.name: &apos;Windows 10&apos;, os.arch: &apos;amd64&apos;, os.version: &apos;10.0&apos;, java.version: &apos;15.0.2&apos;
Driver info: org.openqa.selenium.chrome.ChromeDriver
Capabilities {acceptInsecureCerts: false, browserName: chrome, browserVersion: 92.0.4515.159, chrome: {chromedriverVersion: 92.0.4515.107 (87a818b10553..., userDataDir: C:\Users\Chetan\AppData\Loc...}, goog:chromeOptions: {debuggerAddress: localhost:64578}, javascriptEnabled: true, networkConnectionEnabled: false, pageLoadStrategy: normal, platform: WINDOWS, platformName: WINDOWS, proxy: Proxy(), setWindowRect: true, strictFileInteractability: false, timeouts: {implicit: 0, pageLoad: 300000, script: 30000}, unhandledPromptBehavior: dismiss and notify, webauthn:extension:credBlob: true, webauthn:extension:largeBlob: true, webauthn:virtualAuthenticators: true}
Session ID: fa855fc68beb174efeafebfdca3bcbb0
*** Element info: {Using=xpath, value=//table[@class=&apos;lvt small&apos;]/tbody/tr[last()]/td[contains(text(),&apos;Part&apos;)]}
	at org.openqa.selenium.remote.http.W3CHttpResponseCodec.createException(W3CHttpResponseCodec.java:187)
	at org.openqa.selenium.remote.http.W3CHttpResponseCodec.decode(W3CHttpResponseCodec.java:122)
	at org.openqa.selenium.remote.http.W3CHttpResponseCodec.decode(W3CHttpResponseCodec.java:49)
	at org.openqa.selenium.remote.HttpCommandExecutor.execute(HttpCommandExecutor.java:158)
	at org.openqa.selenium.remote.service.DriverCommandExecutor.execute(DriverCommandExecutor.java:83)
	at org.openqa.selenium.remote.RemoteWebDriver.execute(RemoteWebDriver.java:552)
	at org.openqa.selenium.remote.RemoteWebDriver.findElement(RemoteWebDriver.java:323)
	at org.openqa.selenium.remote.RemoteWebDriver.findElementByXPath(RemoteWebDriver.java:428)
	at org.openqa.selenium.By$ByXPath.findElement(By.java:353)
	at org.openqa.selenium.remote.RemoteWebDriver.findElement(RemoteWebDriver.java:315)
	at org.openqa.selenium.support.pagefactory.DefaultElementLocator.findElement(DefaultElementLocator.java:69)
	at org.openqa.selenium.support.pagefactory.internal.LocatingElementHandler.invoke(LocatingElementHandler.java:38)
	at com.sun.proxy.$Proxy14.getText(Unknown Source)
	at com.vtiger.takebizglobal.pomrepositorylib.ProductsPage.searchProduct(ProductsPage.java:123)
	at com.vtiger.takebizglobal.productTestcases.SearchProductTest.SearchProductByPartNumber(SearchProductTest.java:68)
	at java.base/java.util.ArrayList.forEach(ArrayList.java:1511)
... Removed 32 stack frames</div></td></tr></table><p class="totop"><a href="#summary">back to summary</a></p>
<h3 id="m2">com.vtiger.takebizglobal.productTestcases.SearchProductTest#SearchProductByProductNumber</h3><table class="result"><tr><th>Exception</th></tr><tr><td><div class="stacktrace">java.lang.AssertionError: expected [true] but found [false]
	at com.vtiger.takebizglobal.pomrepositorylib.ProductsPage.searchProduct(ProductsPage.java:110)
	at com.vtiger.takebizglobal.productTestcases.SearchProductTest.SearchProductByProductNumber(SearchProductTest.java:38)
	at java.base/java.util.ArrayList.forEach(ArrayList.java:1511)
... Removed 31 stack frames</div></td></tr></table><p class="totop"><a href="#summary">back to summary</a></p>
<h3 id="m3">com.vtiger.takebizglobal.packagefordistributedExec.ClassForDitributedParallelExec#CreateProd</h3><table class="result"><tr><th class="invisible"/></tr></table><p class="totop"><a href="#summary">back to summary</a></p>
<h3 id="m4">com.vtiger.takebizglobal.packagefordistributedExec.ClassForDitributedParallelExec#CreateProdWithCommRate</h3><table class="result"><tr><th class="invisible"/></tr></table><p class="totop"><a href="#summary">back to summary</a></p>
<h3 id="m5">com.vtiger.takebizglobal.packagefordistributedExec.ClassForDitributedParallelExec#CreateProdWithPartNum</h3><table class="result"><tr><th class="invisible"/></tr></table><p class="totop"><a href="#summary">back to summary</a></p>
</body>
</html>
